#
# A fatal error has been detected by the Java Runtime Environment:
#
#  SIGSEGV (0xb) at pc=0x00007fe681805477, pid=3740, tid=140627797681920
#
# JRE version: 7.0_03-b147
# Java VM: OpenJDK 64-Bit Server VM (22.0-b10 mixed mode linux-amd64 compressed oops)
# Derivative: IcedTea7 2.1.1pre
# Distribution: Ubuntu 12.04 LTS, package 7~u3-2.1.1~pre1-1ubuntu3
# Problematic frame:
# V  [libjvm.so+0x4fc477]  jni_GetObjectClass+0x77
#
# Failed to write core dump. Core dumps have been disabled. To enable core dumping, try "ulimit -c unlimited" before starting Java again
#
# If you would like to submit a bug report, please include
# instructions on how to reproduce the bug and visit:
#   https://bugs.launchpad.net/ubuntu/+source/openjdk-7/
#

---------------  T H R E A D  ---------------

Current thread (0x00007fe67c146800):  JavaThread "Thread-0" [_thread_in_vm, id=3763, stack(0x00007fe675dd2000,0x00007fe675ed3000)]

siginfo:si_signo=SIGSEGV: si_errno=0, si_code=1 (SEGV_MAPERR), si_addr=0x0000000000000000

Registers:
RAX=0x00007fe681b6d9d0, RBX=0x00007fe67c1489d0, RCX=0x00007fe67c149120, RDX=0x00007fe681f40222
RSP=0x00007fe675ed08e0, RBP=0x00007fe675ed0940, RSI=0x00007fe67c148800, RDI=0x00007fe67c148800
R8 =0x00007fe682bab000, R9 =0x0000000000000eb3, R10=0x00007fe681b6d9d0, R11=0x00007fe675ecfa18
R12=0x00007fe67c148800, R13=0x0000000000000000, R14=0x00007fe6766f931a, R15=0x0000000000000800
RIP=0x00007fe681805477, EFLAGS=0x0000000000010293, CSGSFS=0x0000000000000033, ERR=0x0000000000000004
  TRAPNO=0x000000000000000e

Top of Stack: (sp=0x00007fe675ed08e0)
0x00007fe675ed08e0:   00007fe67c148800 00007fe67c149538
0x00007fe675ed08f0:   00007fe6000001cd 00007fe681b6d9d0
0x00007fe675ed0900:   00007fe67c148800 00007fe67c148800
0x00007fe675ed0910:   00007fe67c148800 00007fe68180515f
0x00007fe675ed0920:   00007fe67c148800 00007fe6768fa0e0
0x00007fe675ed0930:   00007fe63c000e68 00007fe6766f935f
0x00007fe675ed0940:   0000000000000000 00007fe6766f7c21
0x00007fe675ed0950:   00007fe67c148800 0000000000000000
0x00007fe675ed0960:   00007fe6768fa0e0 00007fe63c000e68
0x00007fe675ed0970:   00007fe63c000f35 00007fe6768fa0f0
0x00007fe675ed0980:   0000000000000800 00007fe6766f8b0a
0x00007fe675ed0990:   0000000000000000 0000000000000000
0x00007fe675ed09a0:   0000000000000000 0000000000000000
0x00007fe675ed09b0:   0000000000000000 000007ec00000000
0x00007fe675ed09c0:   00007fe63c000e50 0000000000000800
0x00007fe675ed09d0:   0000000000000000 0000000000000000
0x00007fe675ed09e0:   0000040000000084 0000000000000000
0x00007fe675ed09f0:   0001000800000002 000a000881030000
0x00007fe675ed0a00:   000500080054554f 000b000801000000
0x00007fe675ed0a10:   000e0008e8030000 00090045e8030000
0x00007fe675ed0a20:   0040e1e141000045 0100007fc85a1140
0x00007fe675ed0a30:   3500fad30100007f 0001133e40fe2d00
0x00007fe675ed0a40:   0000000000000100 616f6c6e776f6408
0x00007fe675ed0a50:   656c6361726f0664 001c00006d6f6303
0x00007fe675ed0a60:   000000842a000001 0000000000000400
0x00007fe675ed0a70:   0000000200000000 0003000000010008
0x00007fe675ed0a80:   0054554f000a0008 0300000000050008
0x00007fe675ed0a90:   feff0000000b0008 1e000000000e0008
0x00007fe675ed0aa0:   4100004500090045 28a5114000400000
0x00007fe675ed0ab0:   010aa8c0320aa8c0 07a62d00350035df
0x00007fe675ed0ac0:   000001000001e15c 776f640800000000
0x00007fe675ed0ad0:   726f0664616f6c6e 6d6f6303656c6361 

Instructions: (pc=0x00007fe681805477)
0x00007fe681805457:   65 d0 4c 89 65 a0 48 c7 45 a8 00 00 00 00 74 09
0x00007fe681805467:   48 8d 7d a0 e8 30 dd 1f 00 48 8b 15 d9 d7 70 00
0x00007fe681805477:   49 8b 45 00 80 3a 00 75 48 48 8b 40 08 48 8b 70
0x00007fe681805487:   78 48 89 df e8 d0 64 02 00 48 83 7d a8 00 48 89 

Register to memory mapping:

RAX=0x00007fe681b6d9d0: <offset 0x8649d0> in /usr/lib/jvm/java-7-openjdk-amd64/jre/lib/amd64/server/libjvm.so at 0x00007fe681309000
RBX=0x00007fe67c1489d0 is an unknown value
RCX=0x00007fe67c149120 is an unknown value
RDX=0x00007fe681f40222: <offset 0xc37222> in /usr/lib/jvm/java-7-openjdk-amd64/jre/lib/amd64/server/libjvm.so at 0x00007fe681309000
RSP=0x00007fe675ed08e0 is pointing into the stack for thread: 0x00007fe67c146800
RBP=0x00007fe675ed0940 is pointing into the stack for thread: 0x00007fe67c146800
RSI=0x00007fe67c148800 is a thread
RDI=0x00007fe67c148800 is a thread
R8 =0x00007fe682bab000 is an unknown value
R9 =0x0000000000000eb3 is an unknown value
R10=0x00007fe681b6d9d0: <offset 0x8649d0> in /usr/lib/jvm/java-7-openjdk-amd64/jre/lib/amd64/server/libjvm.so at 0x00007fe681309000
R11=0x00007fe675ecfa18 is pointing into the stack for thread: 0x00007fe67c146800
R12=0x00007fe67c148800 is a thread
R13=0x0000000000000000 is an unknown value
R14=0x00007fe6766f931a: <offset 0x331a> in /home/meltingshell/Documents/Informatica/eclipseWorkspace/iptables/iptables-java-JNI/Release/libiptables-java.so at 0x00007fe6766f6000
R15=0x0000000000000800 is an unknown value


Stack: [0x00007fe675dd2000,0x00007fe675ed3000],  sp=0x00007fe675ed08e0,  free space=1018k
Native frames: (J=compiled Java code, j=interpreted, Vv=VM code, C=native code)
V  [libjvm.so+0x4fc477]  jni_GetObjectClass+0x77

Java frames: (J=compiled Java code, j=interpreted, Vv=VM code)
j  net.sf.iptablesJava.log.NetFilterLogTask.receiveNewPacket(I)V+0
j  net.sf.iptablesJava.log.NetFilterLogTask.run()V+16
v  ~StubRoutines::call_stub

---------------  P R O C E S S  ---------------

Java Threads: ( => current thread )
  0x00007fe67c007800 JavaThread "DestroyJavaVM" [_thread_blocked, id=3742, stack(0x00007fe682c6b000,0x00007fe682d6c000)]
  0x00007fe67c148800 JavaThread "Thread-1" [_thread_in_vm, id=3764, stack(0x00007fe675cd1000,0x00007fe675dd2000)]
=>0x00007fe67c146800 JavaThread "Thread-0" [_thread_in_vm, id=3763, stack(0x00007fe675dd2000,0x00007fe675ed3000)]
  0x00007fe67c107800 JavaThread "Service Thread" daemon [_thread_blocked, id=3761, stack(0x00007fe6769fc000,0x00007fe676afd000)]
  0x00007fe67c105800 JavaThread "C2 CompilerThread1" daemon [_thread_blocked, id=3760, stack(0x00007fe676afd000,0x00007fe676bfe000)]
  0x00007fe67c102800 JavaThread "C2 CompilerThread0" daemon [_thread_blocked, id=3759, stack(0x00007fe676bfe000,0x00007fe676cff000)]
  0x00007fe67c100800 JavaThread "Signal Dispatcher" daemon [_thread_blocked, id=3758, stack(0x00007fe676cff000,0x00007fe676e00000)]
  0x00007fe67c0a9800 JavaThread "Finalizer" daemon [_thread_blocked, id=3756, stack(0x00007fe6774e5000,0x00007fe6775e6000)]
  0x00007fe67c0a7000 JavaThread "Reference Handler" daemon [_thread_blocked, id=3755, stack(0x00007fe6775e6000,0x00007fe6776e7000)]

Other Threads:
  0x00007fe67c09f000 VMThread [stack: 0x00007fe6776e7000,0x00007fe6777e8000] [id=3754]
  0x00007fe67c112000 WatcherThread [stack: 0x00007fe6768fb000,0x00007fe6769fc000] [id=3762]

VM state:not at safepoint (normal execution)

VM Mutex/Monitor currently owned by a thread: None

Heap
 PSYoungGen      total 37184K, used 2550K [0x00000007d6760000, 0x00000007d90e0000, 0x0000000800000000)
  eden space 31872K, 8% used [0x00000007d6760000,0x00000007d69dd818,0x00000007d8680000)
  from space 5312K, 0% used [0x00000007d8bb0000,0x00000007d8bb0000,0x00000007d90e0000)
  to   space 5312K, 0% used [0x00000007d8680000,0x00000007d8680000,0x00000007d8bb0000)
 PSOldGen        total 85056K, used 0K [0x0000000783600000, 0x0000000788910000, 0x00000007d6760000)
  object space 85056K, 0% used [0x0000000783600000,0x0000000783600000,0x0000000788910000)
 PSPermGen       total 21248K, used 2779K [0x0000000779000000, 0x000000077a4c0000, 0x0000000783600000)
  object space 21248K, 13% used [0x0000000779000000,0x00000007792b6d58,0x000000077a4c0000)

Code Cache  [0x00007fe6789de000, 0x00007fe678c4e000, 0x00007fe67b9de000)
 total_blobs=176 nmethods=1 adapters=129 free_code_cache=48771Kb largest_free_block=49926144

Dynamic libraries:
00400000-00401000 r-xp 00000000 08:01 31144                              /usr/lib/jvm/java-7-openjdk-amd64/jre/bin/java
00600000-00601000 r--p 00000000 08:01 31144                              /usr/lib/jvm/java-7-openjdk-amd64/jre/bin/java
00601000-00602000 rw-p 00001000 08:01 31144                              /usr/lib/jvm/java-7-openjdk-amd64/jre/bin/java
006e6000-00707000 rw-p 00000000 00:00 0                                  [heap]
779000000-77a4c0000 rw-p 00000000 00:00 0 
77a4c0000-783600000 rw-p 00000000 00:00 0 
783600000-788910000 rw-p 00000000 00:00 0 
788910000-7d6760000 rw-p 00000000 00:00 0 
7d6760000-7d90e0000 rw-p 00000000 00:00 0 
7d90e0000-800000000 rw-p 00000000 00:00 0 
7fe630000000-7fe630021000 rw-p 00000000 00:00 0 
7fe630021000-7fe634000000 ---p 00000000 00:00 0 
7fe638000000-7fe638021000 rw-p 00000000 00:00 0 
7fe638021000-7fe63c000000 ---p 00000000 00:00 0 
7fe63c000000-7fe63c039000 rw-p 00000000 00:00 0 
7fe63c039000-7fe640000000 ---p 00000000 00:00 0 
7fe640000000-7fe640021000 rw-p 00000000 00:00 0 
7fe640021000-7fe644000000 ---p 00000000 00:00 0 
7fe644000000-7fe644021000 rw-p 00000000 00:00 0 
7fe644021000-7fe648000000 ---p 00000000 00:00 0 
7fe648000000-7fe648021000 rw-p 00000000 00:00 0 
7fe648021000-7fe64c000000 ---p 00000000 00:00 0 
7fe64c000000-7fe64c0f7000 rw-p 00000000 00:00 0 
7fe64c0f7000-7fe650000000 ---p 00000000 00:00 0 
7fe650000000-7fe650021000 rw-p 00000000 00:00 0 
7fe650021000-7fe654000000 ---p 00000000 00:00 0 
7fe654000000-7fe654021000 rw-p 00000000 00:00 0 
7fe654021000-7fe658000000 ---p 00000000 00:00 0 
7fe658000000-7fe658021000 rw-p 00000000 00:00 0 
7fe658021000-7fe65c000000 ---p 00000000 00:00 0 
7fe65c000000-7fe65c021000 rw-p 00000000 00:00 0 
7fe65c021000-7fe660000000 ---p 00000000 00:00 0 
7fe660000000-7fe660021000 rw-p 00000000 00:00 0 
7fe660021000-7fe664000000 ---p 00000000 00:00 0 
7fe668000000-7fe668021000 rw-p 00000000 00:00 0 
7fe668021000-7fe66c000000 ---p 00000000 00:00 0 
7fe670000000-7fe670021000 rw-p 00000000 00:00 0 
7fe670021000-7fe674000000 ---p 00000000 00:00 0 
7fe675cd1000-7fe675cd4000 ---p 00000000 00:00 0 
7fe675cd4000-7fe675dd2000 rw-p 00000000 00:00 0 
7fe675dd2000-7fe675dd5000 ---p 00000000 00:00 0 
7fe675dd5000-7fe675ed3000 rw-p 00000000 00:00 0 
7fe675ed3000-7fe675ed6000 r-xp 00000000 08:01 31460                      /usr/lib/libnetfilter_log.so.1.1.0
7fe675ed6000-7fe6760d5000 ---p 00003000 08:01 31460                      /usr/lib/libnetfilter_log.so.1.1.0
7fe6760d5000-7fe6760d6000 r--p 00002000 08:01 31460                      /usr/lib/libnetfilter_log.so.1.1.0
7fe6760d6000-7fe6760d7000 rw-p 00003000 08:01 31460                      /usr/lib/libnetfilter_log.so.1.1.0
7fe6760d7000-7fe6760dd000 r-xp 00000000 08:01 3946                       /usr/lib/libnfnetlink.so.0.2.0
7fe6760dd000-7fe6762dc000 ---p 00006000 08:01 3946                       /usr/lib/libnfnetlink.so.0.2.0
7fe6762dc000-7fe6762dd000 r--p 00005000 08:01 3946                       /usr/lib/libnfnetlink.so.0.2.0
7fe6762dd000-7fe6762de000 rw-p 00006000 08:01 3946                       /usr/lib/libnfnetlink.so.0.2.0
7fe6762de000-7fe6762e0000 r-xp 00000000 08:01 31461                      /usr/lib/libnetfilter_log_libipulog.so.1.0.0
7fe6762e0000-7fe6764df000 ---p 00002000 08:01 31461                      /usr/lib/libnetfilter_log_libipulog.so.1.0.0
7fe6764df000-7fe6764e0000 r--p 00001000 08:01 31461                      /usr/lib/libnetfilter_log_libipulog.so.1.0.0
7fe6764e0000-7fe6764e1000 rw-p 00002000 08:01 31461                      /usr/lib/libnetfilter_log_libipulog.so.1.0.0
7fe6764e1000-7fe6764f4000 r-xp 00000000 08:01 3932                       /usr/lib/libnetfilter_conntrack.so.3.1.3
7fe6764f4000-7fe6766f3000 ---p 00013000 08:01 3932                       /usr/lib/libnetfilter_conntrack.so.3.1.3
7fe6766f3000-7fe6766f5000 r--p 00012000 08:01 3932                       /usr/lib/libnetfilter_conntrack.so.3.1.3
7fe6766f5000-7fe6766f6000 rw-p 00014000 08:01 3932                       /usr/lib/libnetfilter_conntrack.so.3.1.3
7fe6766f6000-7fe6766fa000 r-xp 00000000 08:11 4589603                    /home/meltingshell/Documents/Informatica/eclipseWorkspace/iptables/iptables-java-JNI/Release/libiptables-java.so
7fe6766fa000-7fe6768f9000 ---p 00004000 08:11 4589603                    /home/meltingshell/Documents/Informatica/eclipseWorkspace/iptables/iptables-java-JNI/Release/libiptables-java.so
7fe6768f9000-7fe6768fa000 r--p 00003000 08:11 4589603                    /home/meltingshell/Documents/Informatica/eclipseWorkspace/iptables/iptables-java-JNI/Release/libiptables-java.so
7fe6768fa000-7fe6768fb000 rw-p 00004000 08:11 4589603                    /home/meltingshell/Documents/Informatica/eclipseWorkspace/iptables/iptables-java-JNI/Release/libiptables-java.so
7fe6768fb000-7fe6768fc000 ---p 00000000 00:00 0 
7fe6768fc000-7fe6769fc000 rw-p 00000000 00:00 0 
7fe6769fc000-7fe6769ff000 ---p 00000000 00:00 0 
7fe6769ff000-7fe676afd000 rw-p 00000000 00:00 0 
7fe676afd000-7fe676b00000 ---p 00000000 00:00 0 
7fe676b00000-7fe676bfe000 rw-p 00000000 00:00 0 
7fe676bfe000-7fe676c01000 ---p 00000000 00:00 0 
7fe676c01000-7fe676cff000 rw-p 00000000 00:00 0 
7fe676cff000-7fe676d02000 ---p 00000000 00:00 0 
7fe676d02000-7fe676e00000 rw-p 00000000 00:00 0 
7fe676e00000-7fe6774e5000 r--p 00000000 08:01 9148                       /usr/lib/locale/locale-archive
7fe6774e5000-7fe6774e8000 ---p 00000000 00:00 0 
7fe6774e8000-7fe6775e6000 rw-p 00000000 00:00 0 
7fe6775e6000-7fe6775e9000 ---p 00000000 00:00 0 
7fe6775e9000-7fe6776e7000 rw-p 00000000 00:00 0 
7fe6776e7000-7fe6776e8000 ---p 00000000 00:00 0 
7fe6776e8000-7fe677d59000 rw-p 00000000 00:00 0 
7fe677d59000-7fe677f08000 r--s 03e91000 08:01 31135                      /usr/lib/jvm/java-7-openjdk-amd64/jre/lib/rt.jar
7fe677f08000-7fe677f09000 ---p 00000000 00:00 0 
7fe677f09000-7fe678009000 rw-p 00000000 00:00 0 
7fe678009000-7fe67800a000 ---p 00000000 00:00 0 
7fe67800a000-7fe67810a000 rw-p 00000000 00:00 0 
7fe67810a000-7fe67810b000 ---p 00000000 00:00 0 
7fe67810b000-7fe67820b000 rw-p 00000000 00:00 0 
7fe67820b000-7fe67820c000 ---p 00000000 00:00 0 
7fe67820c000-7fe678336000 rw-p 00000000 00:00 0 
7fe678336000-7fe6785a5000 rw-p 00000000 00:00 0 
7fe6785a5000-7fe6785b0000 rw-p 00000000 00:00 0 
7fe6785b0000-7fe6785f8000 rw-p 00000000 00:00 0 
7fe6785f8000-7fe678622000 rw-p 00000000 00:00 0 
7fe678622000-7fe678890000 rw-p 00000000 00:00 0 
7fe678890000-7fe6788a6000 rw-p 00000000 00:00 0 
7fe6788a6000-7fe6789dd000 rw-p 00000000 00:00 0 
7fe6789dd000-7fe6789de000 rw-p 00000000 00:00 0 
7fe6789de000-7fe678c4e000 rwxp 00000000 00:00 0 
7fe678c4e000-7fe67b9de000 rw-p 00000000 00:00 0 
7fe67b9de000-7fe67b9e6000 r-xp 00000000 08:01 31120                      /usr/lib/jvm/java-7-openjdk-amd64/jre/lib/amd64/libzip.so
7fe67b9e6000-7fe67bbe5000 ---p 00008000 08:01 31120                      /usr/lib/jvm/java-7-openjdk-amd64/jre/lib/amd64/libzip.so
7fe67bbe5000-7fe67bbe6000 r--p 00007000 08:01 31120                      /usr/lib/jvm/java-7-openjdk-amd64/jre/lib/amd64/libzip.so
7fe67bbe6000-7fe67bbe7000 rw-p 00008000 08:01 31120                      /usr/lib/jvm/java-7-openjdk-amd64/jre/lib/amd64/libzip.so
7fe67bbe7000-7fe67bbf3000 r-xp 00000000 08:01 527726                     /lib/x86_64-linux-gnu/libnss_files-2.15.so
7fe67bbf3000-7fe67bdf2000 ---p 0000c000 08:01 527726                     /lib/x86_64-linux-gnu/libnss_files-2.15.so
7fe67bdf2000-7fe67bdf3000 r--p 0000b000 08:01 527726                     /lib/x86_64-linux-gnu/libnss_files-2.15.so
7fe67bdf3000-7fe67bdf4000 rw-p 0000c000 08:01 527726                     /lib/x86_64-linux-gnu/libnss_files-2.15.so
7fe67bdf4000-7fe67bdfe000 r-xp 00000000 08:01 527730                     /lib/x86_64-linux-gnu/libnss_nis-2.15.so
7fe67bdfe000-7fe67bffe000 ---p 0000a000 08:01 527730                     /lib/x86_64-linux-gnu/libnss_nis-2.15.so
7fe67bffe000-7fe67bfff000 r--p 0000a000 08:01 527730                     /lib/x86_64-linux-gnu/libnss_nis-2.15.so
7fe67bfff000-7fe67c000000 rw-p 0000b000 08:01 527730                     /lib/x86_64-linux-gnu/libnss_nis-2.15.so
7fe67c000000-7fe67c14b000 rw-p 00000000 00:00 0 
7fe67c14b000-7fe680000000 ---p 00000000 00:00 0 
7fe68001a000-7fe68004d000 rw-p 00000000 00:00 0 
7fe68004d000-7fe680095000 rw-p 00000000 00:00 0 
7fe680095000-7fe6800ac000 r-xp 00000000 08:01 527720                     /lib/x86_64-linux-gnu/libnsl-2.15.so
7fe6800ac000-7fe6802ab000 ---p 00017000 08:01 527720                     /lib/x86_64-linux-gnu/libnsl-2.15.so
7fe6802ab000-7fe6802ac000 r--p 00016000 08:01 527720                     /lib/x86_64-linux-gnu/libnsl-2.15.so
7fe6802ac000-7fe6802ad000 rw-p 00017000 08:01 527720                     /lib/x86_64-linux-gnu/libnsl-2.15.so
7fe6802ad000-7fe6802af000 rw-p 00000000 00:00 0 
7fe6802af000-7fe6802b7000 r-xp 00000000 08:01 527722                     /lib/x86_64-linux-gnu/libnss_compat-2.15.so
7fe6802b7000-7fe6804b6000 ---p 00008000 08:01 527722                     /lib/x86_64-linux-gnu/libnss_compat-2.15.so
7fe6804b6000-7fe6804b7000 r--p 00007000 08:01 527722                     /lib/x86_64-linux-gnu/libnss_compat-2.15.so
7fe6804b7000-7fe6804b8000 rw-p 00008000 08:01 527722                     /lib/x86_64-linux-gnu/libnss_compat-2.15.so
7fe6804b8000-7fe6804df000 r-xp 00000000 08:01 31102                      /usr/lib/jvm/java-7-openjdk-amd64/jre/lib/amd64/libjava.so
7fe6804df000-7fe6806de000 ---p 00027000 08:01 31102                      /usr/lib/jvm/java-7-openjdk-amd64/jre/lib/amd64/libjava.so
7fe6806de000-7fe6806df000 r--p 00026000 08:01 31102                      /usr/lib/jvm/java-7-openjdk-amd64/jre/lib/amd64/libjava.so
7fe6806df000-7fe6806e1000 rw-p 00027000 08:01 31102                      /usr/lib/jvm/java-7-openjdk-amd64/jre/lib/amd64/libjava.so
7fe6806e1000-7fe6806ef000 r-xp 00000000 08:01 31113                      /usr/lib/jvm/java-7-openjdk-amd64/jre/lib/amd64/libverify.so
7fe6806ef000-7fe6808ee000 ---p 0000e000 08:01 31113                      /usr/lib/jvm/java-7-openjdk-amd64/jre/lib/amd64/libverify.so
7fe6808ee000-7fe6808f0000 r--p 0000d000 08:01 31113                      /usr/lib/jvm/java-7-openjdk-amd64/jre/lib/amd64/libverify.so
7fe6808f0000-7fe6808f1000 rw-p 0000f000 08:01 31113                      /usr/lib/jvm/java-7-openjdk-amd64/jre/lib/amd64/libverify.so
7fe6808f1000-7fe6808f8000 r-xp 00000000 08:01 527761                     /lib/x86_64-linux-gnu/librt-2.15.so
7fe6808f8000-7fe680af7000 ---p 00007000 08:01 527761                     /lib/x86_64-linux-gnu/librt-2.15.so
7fe680af7000-7fe680af8000 r--p 00006000 08:01 527761                     /lib/x86_64-linux-gnu/librt-2.15.so
7fe680af8000-7fe680af9000 rw-p 00007000 08:01 527761                     /lib/x86_64-linux-gnu/librt-2.15.so
7fe680af9000-7fe680b0e000 r-xp 00000000 08:01 527696                     /lib/x86_64-linux-gnu/libgcc_s.so.1
7fe680b0e000-7fe680d0d000 ---p 00015000 08:01 527696                     /lib/x86_64-linux-gnu/libgcc_s.so.1
7fe680d0d000-7fe680d0e000 r--p 00014000 08:01 527696                     /lib/x86_64-linux-gnu/libgcc_s.so.1
7fe680d0e000-7fe680d0f000 rw-p 00015000 08:01 527696                     /lib/x86_64-linux-gnu/libgcc_s.so.1
7fe680d0f000-7fe680e08000 r-xp 00000000 08:01 527707                     /lib/x86_64-linux-gnu/libm-2.15.so
7fe680e08000-7fe681007000 ---p 000f9000 08:01 527707                     /lib/x86_64-linux-gnu/libm-2.15.so
7fe681007000-7fe681008000 r--p 000f8000 08:01 527707                     /lib/x86_64-linux-gnu/libm-2.15.so
7fe681008000-7fe681009000 rw-p 000f9000 08:01 527707                     /lib/x86_64-linux-gnu/libm-2.15.so
7fe681009000-7fe6810eb000 r-xp 00000000 08:01 10454                      /usr/lib/x86_64-linux-gnu/libstdc++.so.6.0.16
7fe6810eb000-7fe6812ea000 ---p 000e2000 08:01 10454                      /usr/lib/x86_64-linux-gnu/libstdc++.so.6.0.16
7fe6812ea000-7fe6812f2000 r--p 000e1000 08:01 10454                      /usr/lib/x86_64-linux-gnu/libstdc++.so.6.0.16
7fe6812f2000-7fe6812f4000 rw-p 000e9000 08:01 10454                      /usr/lib/x86_64-linux-gnu/libstdc++.so.6.0.16
7fe6812f4000-7fe681309000 rw-p 00000000 00:00 0 
7fe681309000-7fe681c9c000 r-xp 00000000 08:01 31098                      /usr/lib/jvm/java-7-openjdk-amd64/jre/lib/amd64/server/libjvm.so
7fe681c9c000-7fe681e9c000 ---p 00993000 08:01 31098                      /usr/lib/jvm/java-7-openjdk-amd64/jre/lib/amd64/server/libjvm.so
7fe681e9c000-7fe681f16000 r--p 00993000 08:01 31098                      /usr/lib/jvm/java-7-openjdk-amd64/jre/lib/amd64/server/libjvm.so
7fe681f16000-7fe681f38000 rw-p 00a0d000 08:01 31098                      /usr/lib/jvm/java-7-openjdk-amd64/jre/lib/amd64/server/libjvm.so
7fe681f38000-7fe681f63000 rw-p 00000000 00:00 0 
7fe681f63000-7fe681f7b000 r-xp 00000000 08:01 527755                     /lib/x86_64-linux-gnu/libpthread-2.15.so
7fe681f7b000-7fe68217a000 ---p 00018000 08:01 527755                     /lib/x86_64-linux-gnu/libpthread-2.15.so
7fe68217a000-7fe68217b000 r--p 00017000 08:01 527755                     /lib/x86_64-linux-gnu/libpthread-2.15.so
7fe68217b000-7fe68217c000 rw-p 00018000 08:01 527755                     /lib/x86_64-linux-gnu/libpthread-2.15.so
7fe68217c000-7fe682180000 rw-p 00000000 00:00 0 
7fe682180000-7fe682196000 r-xp 00000000 08:01 527786                     /lib/x86_64-linux-gnu/libz.so.1.2.3.4
7fe682196000-7fe682395000 ---p 00016000 08:01 527786                     /lib/x86_64-linux-gnu/libz.so.1.2.3.4
7fe682395000-7fe682396000 r--p 00015000 08:01 527786                     /lib/x86_64-linux-gnu/libz.so.1.2.3.4
7fe682396000-7fe682397000 rw-p 00016000 08:01 527786                     /lib/x86_64-linux-gnu/libz.so.1.2.3.4
7fe682397000-7fe682399000 r-xp 00000000 08:01 527688                     /lib/x86_64-linux-gnu/libdl-2.15.so
7fe682399000-7fe682599000 ---p 00002000 08:01 527688                     /lib/x86_64-linux-gnu/libdl-2.15.so
7fe682599000-7fe68259a000 r--p 00002000 08:01 527688                     /lib/x86_64-linux-gnu/libdl-2.15.so
7fe68259a000-7fe68259b000 rw-p 00003000 08:01 527688                     /lib/x86_64-linux-gnu/libdl-2.15.so
7fe68259b000-7fe68274e000 r-xp 00000000 08:01 527675                     /lib/x86_64-linux-gnu/libc-2.15.so
7fe68274e000-7fe68294d000 ---p 001b3000 08:01 527675                     /lib/x86_64-linux-gnu/libc-2.15.so
7fe68294d000-7fe682951000 r--p 001b2000 08:01 527675                     /lib/x86_64-linux-gnu/libc-2.15.so
7fe682951000-7fe682953000 rw-p 001b6000 08:01 527675                     /lib/x86_64-linux-gnu/libc-2.15.so
7fe682953000-7fe682958000 rw-p 00000000 00:00 0 
7fe682958000-7fe682964000 r-xp 00000000 08:01 31104                      /usr/lib/jvm/java-7-openjdk-amd64/jre/lib/amd64/jli/libjli.so
7fe682964000-7fe682b64000 ---p 0000c000 08:01 31104                      /usr/lib/jvm/java-7-openjdk-amd64/jre/lib/amd64/jli/libjli.so
7fe682b64000-7fe682b65000 r--p 0000c000 08:01 31104                      /usr/lib/jvm/java-7-openjdk-amd64/jre/lib/amd64/jli/libjli.so
7fe682b65000-7fe682b66000 rw-p 0000d000 08:01 31104                      /usr/lib/jvm/java-7-openjdk-amd64/jre/lib/amd64/jli/libjli.so
7fe682b66000-7fe682b88000 r-xp 00000000 08:01 527655                     /lib/x86_64-linux-gnu/ld-2.15.so
7fe682ba5000-7fe682ba8000 r--s 0000f000 08:01 31050                      /usr/lib/jvm/java-7-openjdk-common/jre/lib/ext/pulse-java.jar
7fe682ba8000-7fe682bab000 r--s 00032000 08:01 31048                      /usr/lib/jvm/java-7-openjdk-common/jre/lib/ext/sunjce_provider.jar
7fe682bab000-7fe682bb5000 rw-p 00000000 00:00 0 
7fe682bb5000-7fe682c6b000 rw-p 00000000 00:00 0 
7fe682c6b000-7fe682c6e000 ---p 00000000 00:00 0 
7fe682c6e000-7fe682d72000 rw-p 00000000 00:00 0 
7fe682d72000-7fe682d73000 r--s 00002000 08:01 31046                      /usr/lib/jvm/java-7-openjdk-common/jre/lib/ext/dnsns.jar
7fe682d73000-7fe682d74000 r--s 00007000 08:01 275876                     /usr/share/java/java-atk-wrapper.jar
7fe682d74000-7fe682d77000 r--s 00085000 08:01 31047                      /usr/lib/jvm/java-7-openjdk-common/jre/lib/ext/localedata.jar
7fe682d77000-7fe682d7a000 r--s 0003c000 08:01 31045                      /usr/lib/jvm/java-7-openjdk-common/jre/lib/ext/sunpkcs11.jar
7fe682d7a000-7fe682d7c000 r--s 00012000 08:01 31049                      /usr/lib/jvm/java-7-openjdk-common/jre/lib/ext/zipfs.jar
7fe682d7c000-7fe682d84000 rw-s 00000000 08:01 31925                      /tmp/hsperfdata_meltingshell/3740
7fe682d84000-7fe682d85000 rw-p 00000000 00:00 0 
7fe682d85000-7fe682d86000 r--p 00000000 00:00 0 
7fe682d86000-7fe682d88000 rw-p 00000000 00:00 0 
7fe682d88000-7fe682d89000 r--p 00022000 08:01 527655                     /lib/x86_64-linux-gnu/ld-2.15.so
7fe682d89000-7fe682d8b000 rw-p 00023000 08:01 527655                     /lib/x86_64-linux-gnu/ld-2.15.so
7fffac2b3000-7fffac2d4000 rw-p 00000000 00:00 0                          [stack]
7fffac3ff000-7fffac400000 r-xp 00000000 00:00 0                          [vdso]
ffffffffff600000-ffffffffff601000 r-xp 00000000 00:00 0                  [vsyscall]

VM Arguments:
jvm_args: -Djava.library.path=/home/meltingshell/Documents/Informatica/eclipseWorkspace/iptables/iptables-java-JNI/Release -Dfile.encoding=UTF-8 
java_command: net.sf.iptablesJava.Test
Launcher Type: SUN_STANDARD

Environment Variables:
PATH=/usr/local/sbin:/usr/local/bin:/usr/sbin:/usr/bin:/sbin:/bin:/usr/games
USERNAME=meltingshell
SHELL=/bin/bash
DISPLAY=:0

Signal Handlers:
SIGSEGV: [libjvm.so+0x8065e0], sa_mask[0]=0x7ffbfeff, sa_flags=0x10000004
SIGBUS: [libjvm.so+0x8065e0], sa_mask[0]=0x7ffbfeff, sa_flags=0x10000004
SIGFPE: [libjvm.so+0x6ac6d0], sa_mask[0]=0x7ffbfeff, sa_flags=0x10000004
SIGPIPE: [libjvm.so+0x6ac6d0], sa_mask[0]=0x7ffbfeff, sa_flags=0x10000004
SIGXFSZ: [libjvm.so+0x6ac6d0], sa_mask[0]=0x7ffbfeff, sa_flags=0x10000004
SIGILL: [libjvm.so+0x6ac6d0], sa_mask[0]=0x7ffbfeff, sa_flags=0x10000004
SIGUSR1: SIG_DFL, sa_mask[0]=0x00000000, sa_flags=0x00000000
SIGUSR2: [libjvm.so+0x6acaa0], sa_mask[0]=0x00000004, sa_flags=0x10000004
SIGHUP: [libjvm.so+0x6acbe0], sa_mask[0]=0x7ffbfeff, sa_flags=0x10000004
SIGINT: [libjvm.so+0x6acbe0], sa_mask[0]=0x7ffbfeff, sa_flags=0x10000004
SIGTERM: [libjvm.so+0x6acbe0], sa_mask[0]=0x7ffbfeff, sa_flags=0x10000004
SIGQUIT: [libjvm.so+0x6acbe0], sa_mask[0]=0x7ffbfeff, sa_flags=0x10000004


---------------  S Y S T E M  ---------------

OS:LinuxMint 13 (maya)
uname:Linux 3.2.0-29-generic #46-Ubuntu SMP Fri Jul 27 17:03:23 UTC 2012 x86_64
libc:glibc 2.15 NPTL 2.15 
rlimit: STACK 8192k, CORE 0k, NPROC 63622, NOFILE 4096, AS infinity
load average:0,12 0,07 0,10

/proc/meminfo:
MemTotal:        8161252 kB
MemFree:         5878792 kB
Buffers:          158804 kB
Cached:           917348 kB
SwapCached:            0 kB
Active:          1337232 kB
Inactive:         668692 kB
Active(anon):     930676 kB
Inactive(anon):     2440 kB
Active(file):     406556 kB
Inactive(file):   666252 kB
Unevictable:           0 kB
Mlocked:               0 kB
SwapTotal:             0 kB
SwapFree:              0 kB
Dirty:               516 kB
Writeback:             0 kB
AnonPages:        929960 kB
Mapped:           162540 kB
Shmem:              3104 kB
Slab:             118348 kB
SReclaimable:      91704 kB
SUnreclaim:        26644 kB
KernelStack:        2976 kB
PageTables:        21724 kB
NFS_Unstable:          0 kB
Bounce:                0 kB
WritebackTmp:          0 kB
CommitLimit:     4080624 kB
Committed_AS:    2480248 kB
VmallocTotal:   34359738367 kB
VmallocUsed:      128376 kB
VmallocChunk:   34359606780 kB
HardwareCorrupted:     0 kB
AnonHugePages:         0 kB
HugePages_Total:       0
HugePages_Free:        0
HugePages_Rsvd:        0
HugePages_Surp:        0
Hugepagesize:       2048 kB
DirectMap4k:      118400 kB
DirectMap2M:     8253440 kB


CPU:total 4 (4 cores per cpu, 1 threads per core) family 6 model 42 stepping 7, cmov, cx8, fxsr, mmx, sse, sse2, sse3, ssse3, sse4.1, sse4.2, popcnt

/proc/cpuinfo:
processor	: 0
vendor_id	: GenuineIntel
cpu family	: 6
model		: 42
model name	: Intel(R) Core(TM) i5-2310 CPU @ 2.90GHz
stepping	: 7
microcode	: 0x25
cpu MHz		: 1600.000
cache size	: 6144 KB
physical id	: 0
siblings	: 4
core id		: 0
cpu cores	: 4
apicid		: 0
initial apicid	: 0
fpu		: yes
fpu_exception	: yes
cpuid level	: 13
wp		: yes
flags		: fpu vme de pse tsc msr pae mce cx8 apic sep mtrr pge mca cmov pat pse36 clflush dts acpi mmx fxsr sse sse2 ss ht tm pbe syscall nx rdtscp lm constant_tsc arch_perfmon pebs bts rep_good nopl xtopology nonstop_tsc aperfmperf pni pclmulqdq dtes64 monitor ds_cpl vmx est tm2 ssse3 cx16 xtpr pdcm pcid sse4_1 sse4_2 popcnt tsc_deadline_timer aes xsave avx lahf_lm ida arat epb xsaveopt pln pts dtherm tpr_shadow vnmi flexpriority ept vpid
bogomips	: 5786.48
clflush size	: 64
cache_alignment	: 64
address sizes	: 36 bits physical, 48 bits virtual
power management:

processor	: 1
vendor_id	: GenuineIntel
cpu family	: 6
model		: 42
model name	: Intel(R) Core(TM) i5-2310 CPU @ 2.90GHz
stepping	: 7
microcode	: 0x25
cpu MHz		: 1600.000
cache size	: 6144 KB
physical id	: 0
siblings	: 4
core id		: 1
cpu cores	: 4
apicid		: 2
initial apicid	: 2
fpu		: yes
fpu_exception	: yes
cpuid level	: 13
wp		: yes
flags		: fpu vme de pse tsc msr pae mce cx8 apic sep mtrr pge mca cmov pat pse36 clflush dts acpi mmx fxsr sse sse2 ss ht tm pbe syscall nx rdtscp lm constant_tsc arch_perfmon pebs bts rep_good nopl xtopology nonstop_tsc aperfmperf pni pclmulqdq dtes64 monitor ds_cpl vmx est tm2 ssse3 cx16 xtpr pdcm pcid sse4_1 sse4_2 popcnt tsc_deadline_timer aes xsave avx lahf_lm ida arat epb xsaveopt pln pts dtherm tpr_shadow vnmi flexpriority ept vpid
bogomips	: 5786.81
clflush size	: 64
cache_alignment	: 64
address sizes	: 36 bits physical, 48 bits virtual
power management:

processor	: 2
vendor_id	: GenuineIntel
cpu family	: 6
model		: 42
model name	: Intel(R) Core(TM) i5-2310 CPU @ 2.90GHz
stepping	: 7
microcode	: 0x25
cpu MHz		: 3101.000
cache size	: 6144 KB
physical id	: 0
siblings	: 4
core id		: 2
cpu cores	: 4
apicid		: 4
initial apicid	: 4
fpu		: yes
fpu_exception	: yes
cpuid level	: 13
wp		: yes
flags		: fpu vme de pse tsc msr pae mce cx8 apic sep mtrr pge mca cmov pat pse36 clflush dts acpi mmx fxsr sse sse2 ss ht tm pbe syscall nx rdtscp lm constant_tsc arch_perfmon pebs bts rep_good nopl xtopology nonstop_tsc aperfmperf pni pclmulqdq dtes64 monitor ds_cpl vmx est tm2 ssse3 cx16 xtpr pdcm pcid sse4_1 sse4_2 popcnt tsc_deadline_timer aes xsave avx lahf_lm ida arat epb xsaveopt pln pts dtherm tpr_shadow vnmi flexpriority ept vpid
bogomips	: 5786.81
clflush size	: 64
cache_alignment	: 64
address sizes	: 36 bits physical, 48 bits virtual
power management:

processor	: 3
vendor_id	: GenuineIntel
cpu family	: 6
model		: 42
model name	: Intel(R) Core(TM) i5-2310 CPU @ 2.90GHz
stepping	: 7
microcode	: 0x25
cpu MHz		: 1600.000
cache size	: 6144 KB
physical id	: 0
siblings	: 4
core id		: 3
cpu cores	: 4
apicid		: 6
initial apicid	: 6
fpu		: yes
fpu_exception	: yes
cpuid level	: 13
wp		: yes
flags		: fpu vme de pse tsc msr pae mce cx8 apic sep mtrr pge mca cmov pat pse36 clflush dts acpi mmx fxsr sse sse2 ss ht tm pbe syscall nx rdtscp lm constant_tsc arch_perfmon pebs bts rep_good nopl xtopology nonstop_tsc aperfmperf pni pclmulqdq dtes64 monitor ds_cpl vmx est tm2 ssse3 cx16 xtpr pdcm pcid sse4_1 sse4_2 popcnt tsc_deadline_timer aes xsave avx lahf_lm ida arat epb xsaveopt pln pts dtherm tpr_shadow vnmi flexpriority ept vpid
bogomips	: 5786.81
clflush size	: 64
cache_alignment	: 64
address sizes	: 36 bits physical, 48 bits virtual
power management:



Memory: 4k page, physical 8161252k(5878792k free), swap 0k(0k free)

vm_info: OpenJDK 64-Bit Server VM (22.0-b10) for linux-amd64 JRE (1.7.0_03-b147), built on May  2 2012 16:57:58 by "buildd" with gcc 4.6.3

time: Sun Sep  9 09:29:08 2012
elapsed time: 4 seconds

